2024-10-20T16:33:29+05:30 - SET operation - Key: home1 - Status: Success
2024-10-20T16:33:47+05:30 - UPDATE operation - Key: home1 - Status: Success
2024-10-20T16:33:51+05:30 - UPDATE operation - Key: home1 - Status: Success
2024-10-20T16:33:55+05:30 - READ operation - Key: home1 - Status: Success
2024-10-20T16:33:56+05:30 - READ operation - Key: home1 - Status: Success
2024-10-20T16:33:58+05:30 - READ operation - Key: home1 - Status: Success
2024-10-20T16:34:07+05:30 - READ operation - Key: home1 - Status: Success
2024-10-20T16:34:08+05:30 - READ operation - Key: home1 - Status: Success
2024-10-20T16:34:10+05:30 - READ operation - Key: home1 - Status: Success
2024-10-20T16:34:11+05:30 - READ operation - Key: home1 - Status: Success
2024-10-20T16:34:11+05:30 - READ operation - Key: home1 - Status: Success
2024-10-20T16:34:12+05:30 - READ operation - Key: home1 - Status: Success
2024-10-20T16:34:12+05:30 - READ operation - Key: home1 - Status: Success
2024-10-20T16:34:13+05:30 - READ operation - Key: home1 - Status: Success
2024-10-20T16:34:13+05:30 - READ operation - Key: home1 - Status: Success
2024-10-20T16:34:14+05:30 - READ operation - Key: home1 - Status: Success
2024-10-20T16:34:14+05:30 - READ operation - Key: home1 - Status: Success
2024-10-20T16:34:15+05:30 - READ operation - Key: home1 - Status: Success
2024-10-20T16:34:15+05:30 - READ operation - Key: home1 - Status: Success
2024-10-20T16:34:33+05:30 - DELETE operation - Key: home1 - Status: Success
2024-10-20T16:34:33+05:30 - CLEANUP operation - Key: home1 - Status: Expired
2024-10-20T16:36:42+05:30 - SET operation - Key: home1 - Status: Success
